<?xml version="1.0" encoding="UTF-8"?>
<testng-results ignored="0" total="1" passed="1" failed="0" skipped="0">
  <reporter-output>
  </reporter-output>
  <suite started-at="2025-03-23T21:56:15 IST" name="Suite" finished-at="2025-03-23T21:56:27 IST" duration-ms="12500">
    <groups>
    </groups>
    <test started-at="2025-03-23T21:56:15 IST" name="AmazonTest" finished-at="2025-03-23T21:56:27 IST" duration-ms="12500">
      <class name="amazon.com.WebTest">
        <test-method is-config="true" signature="setUp()[pri:0, instance:amazon.com.WebTest@eadd4fb]" started-at="2025-03-23T21:56:15 IST" name="setUp" finished-at="2025-03-23T21:56:20 IST" duration-ms="4973" status="PASS">
          <reporter-output>
          </reporter-output>
        </test-method> <!-- setUp -->
        <test-method signature="lunchApplication()[pri:0, instance:amazon.com.WebTest@eadd4fb]" started-at="2025-03-23T21:56:20 IST" name="lunchApplication" finished-at="2025-03-23T21:56:27 IST" duration-ms="7028" status="PASS">
          <reporter-output>
          </reporter-output>
        </test-method> <!-- lunchApplication -->
        <test-method is-config="true" signature="closeDriver()[pri:0, instance:amazon.com.WebTest@eadd4fb]" started-at="2025-03-23T21:56:27 IST" name="closeDriver" finished-at="2025-03-23T21:56:27 IST" duration-ms="451" status="PASS">
          <reporter-output>
          </reporter-output>
        </test-method> <!-- closeDriver -->
      </class> <!-- amazon.com.WebTest -->
    </test> <!-- AmazonTest -->
  </suite> <!-- Suite -->
</testng-results>
